<?xml version="1.0" encoding="UTF-8"?>
<testsuite xmlns:xsi="http://www.w3.org/2001/XMLSchema-instance" xsi:noNamespaceSchemaLocation="https://maven.apache.org/surefire/maven-surefire-plugin/xsd/surefire-test-report.xsd" name="TestMockito" time="0.552" tests="4" errors="0" skipped="0" failures="0">
  <properties>
[...]
</properties>
  <testcase name="testRetrieveStockNotFound" classname="TestMockito" time="0.537"/>
  <testcase name="testRetrieveAllStock" classname="TestMockito" time="0.003"/>
  <testcase name="testRetrieveStock" classname="TestMockito" time="0.001"/>
  <testcase name="testAddStock" classname="TestMockito" time="0.002"/>
</testsuite>